<?xml version="1.0" encoding="UTF-8"?>
<robot generator="Robot 4.1.3 (Python 3.10.2 on win32)" generated="20220222 12:06:25.433" rpa="false" schemaversion="2">
<suite id="s1" name="Tests" source="C:\Users\joaki\PycharmProjects\TestSelenium\Tests">
<suite id="s1-s1" name="Webtest" source="C:\Users\joaki\PycharmProjects\TestSelenium\Tests\webtest.robot">
<test id="s1-s1-t1" name="User Can Access Website and Search For Product">
<kw name="Begin Web Test" type="SETUP">
<kw name="Open Browser" library="SeleniumLibrary">
<arg>about:blank</arg>
<arg>${BROWSER}</arg>
<doc>Opens a new browser instance to the optional ``url``.</doc>
<msg timestamp="20220222 12:06:25.621" level="INFO">Opening browser 'chrome' to base url 'about:blank'.</msg>
<status status="PASS" starttime="20220222 12:06:25.621" endtime="20220222 12:06:26.950"/>
</kw>
<status status="PASS" starttime="20220222 12:06:25.621" endtime="20220222 12:06:26.951"/>
</kw>
<kw name="Go To Web Page">
<kw name="Load Page">
<kw name="Go To" library="SeleniumLibrary">
<arg>${URL}</arg>
<doc>Navigates the current browser window to the provided ``url``.</doc>
<msg timestamp="20220222 12:06:26.952" level="INFO">Opening url 'https://www.mediamarkt.se'</msg>
<status status="PASS" starttime="20220222 12:06:26.951" endtime="20220222 12:06:28.815"/>
</kw>
<status status="PASS" starttime="20220222 12:06:26.951" endtime="20220222 12:06:28.815"/>
</kw>
<kw name="Verify Page Loaded">
<kw name="Wait Until Page Contains" library="SeleniumLibrary">
<arg>Kampanj:</arg>
<doc>Waits until ``text`` appears on the current page.</doc>
<status status="PASS" starttime="20220222 12:06:28.816" endtime="20220222 12:06:28.857"/>
</kw>
<status status="PASS" starttime="20220222 12:06:28.815" endtime="20220222 12:06:28.858"/>
</kw>
<status status="PASS" starttime="20220222 12:06:26.951" endtime="20220222 12:06:28.858"/>
</kw>
<kw name="End Web Test" type="TEARDOWN">
<kw name="Close Browser" library="SeleniumLibrary">
<doc>Closes the current browser.</doc>
<status status="PASS" starttime="20220222 12:06:28.859" endtime="20220222 12:06:30.991"/>
</kw>
<status status="PASS" starttime="20220222 12:06:28.859" endtime="20220222 12:06:30.992"/>
</kw>
<doc>This is some basic information about the test</doc>
<tag>Test 1</tag>
<status status="PASS" starttime="20220222 12:06:25.619" endtime="20220222 12:06:30.993"/>
</test>
<test id="s1-s1-t2" name="User Can Search For A Product">
<kw name="Begin Web Test" type="SETUP">
<kw name="Open Browser" library="SeleniumLibrary">
<arg>about:blank</arg>
<arg>${BROWSER}</arg>
<doc>Opens a new browser instance to the optional ``url``.</doc>
<msg timestamp="20220222 12:06:30.998" level="INFO">Opening browser 'chrome' to base url 'about:blank'.</msg>
<status status="PASS" starttime="20220222 12:06:30.997" endtime="20220222 12:06:32.275"/>
</kw>
<status status="PASS" starttime="20220222 12:06:30.997" endtime="20220222 12:06:32.275"/>
</kw>
<kw name="Go To Web Page">
<kw name="Load Page">
<kw name="Go To" library="SeleniumLibrary">
<arg>${URL}</arg>
<doc>Navigates the current browser window to the provided ``url``.</doc>
<msg timestamp="20220222 12:06:32.276" level="INFO">Opening url 'https://www.mediamarkt.se'</msg>
<status status="PASS" starttime="20220222 12:06:32.276" endtime="20220222 12:06:33.836"/>
</kw>
<status status="PASS" starttime="20220222 12:06:32.275" endtime="20220222 12:06:33.837"/>
</kw>
<kw name="Verify Page Loaded">
<kw name="Wait Until Page Contains" library="SeleniumLibrary">
<arg>Kampanj:</arg>
<doc>Waits until ``text`` appears on the current page.</doc>
<status status="PASS" starttime="20220222 12:06:33.837" endtime="20220222 12:06:33.879"/>
</kw>
<status status="PASS" starttime="20220222 12:06:33.837" endtime="20220222 12:06:33.880"/>
</kw>
<status status="PASS" starttime="20220222 12:06:32.275" endtime="20220222 12:06:33.880"/>
</kw>
<kw name="Search For Product">
<arg>Game &amp; Watch: The Legend of Zelda</arg>
<arg>Game &amp; Watch: The Legend of Zelda</arg>
<kw name="Enter Search Term">
<arg>${search_term}</arg>
<kw name="Input Text" library="SeleniumLibrary">
<arg>//*[@id="search-autocomplete"]/form/input[1]</arg>
<arg>${search_term}</arg>
<doc>Types the given ``text`` into the text field identified by ``locator``.</doc>
<msg timestamp="20220222 12:06:33.884" level="INFO">Typing text 'Game &amp; Watch: The Legend of Zelda' into text field '//*[@id="search-autocomplete"]/form/input[1]'.</msg>
<status status="PASS" starttime="20220222 12:06:33.883" endtime="20220222 12:06:34.303"/>
</kw>
<status status="PASS" starttime="20220222 12:06:33.882" endtime="20220222 12:06:34.303"/>
</kw>
<kw name="Submit Search">
<kw name="Press Keys" library="SeleniumLibrary">
<arg>//*[@id="search-autocomplete"]/form/input[1]</arg>
<arg>RETURN</arg>
<doc>Simulates the user pressing key(s) to an element or on the active browser.</doc>
<msg timestamp="20220222 12:06:34.305" level="INFO">Sending key(s) ('RETURN',) to //*[@id="search-autocomplete"]/form/input[1] element.</msg>
<msg timestamp="20220222 12:06:34.664" level="INFO">Pressing special key RETURN to element.</msg>
<msg timestamp="20220222 12:06:34.664" level="INFO">Releasing special key RETURN.</msg>
<status status="PASS" starttime="20220222 12:06:34.304" endtime="20220222 12:06:36.194"/>
</kw>
<status status="PASS" starttime="20220222 12:06:34.304" endtime="20220222 12:06:36.194"/>
</kw>
<kw name="Verify Search Completed">
<arg>${search_result}</arg>
<kw name="Wait Until Page Contains" library="SeleniumLibrary">
<arg>${search_result}</arg>
<doc>Waits until ``text`` appears on the current page.</doc>
<status status="PASS" starttime="20220222 12:06:36.195" endtime="20220222 12:06:36.296"/>
</kw>
<status status="PASS" starttime="20220222 12:06:36.194" endtime="20220222 12:06:36.297"/>
</kw>
<status status="PASS" starttime="20220222 12:06:33.881" endtime="20220222 12:06:36.297"/>
</kw>
<kw name="End Web Test" type="TEARDOWN">
<kw name="Close Browser" library="SeleniumLibrary">
<doc>Closes the current browser.</doc>
<status status="PASS" starttime="20220222 12:06:36.298" endtime="20220222 12:06:38.439"/>
</kw>
<status status="PASS" starttime="20220222 12:06:36.298" endtime="20220222 12:06:38.440"/>
</kw>
<doc>This is some basic info about the second test</doc>
<tag>Test 2</tag>
<status status="PASS" starttime="20220222 12:06:30.995" endtime="20220222 12:06:38.441"/>
</test>
<test id="s1-s1-t3" name="User Can Search For Another Product">
<kw name="Begin Web Test" type="SETUP">
<kw name="Open Browser" library="SeleniumLibrary">
<arg>about:blank</arg>
<arg>${BROWSER}</arg>
<doc>Opens a new browser instance to the optional ``url``.</doc>
<msg timestamp="20220222 12:06:38.451" level="INFO">Opening browser 'chrome' to base url 'about:blank'.</msg>
<status status="PASS" starttime="20220222 12:06:38.450" endtime="20220222 12:06:39.757"/>
</kw>
<status status="PASS" starttime="20220222 12:06:38.449" endtime="20220222 12:06:39.758"/>
</kw>
<kw name="Go To Web Page">
<kw name="Load Page">
<kw name="Go To" library="SeleniumLibrary">
<arg>${URL}</arg>
<doc>Navigates the current browser window to the provided ``url``.</doc>
<msg timestamp="20220222 12:06:39.760" level="INFO">Opening url 'https://www.mediamarkt.se'</msg>
<status status="PASS" starttime="20220222 12:06:39.760" endtime="20220222 12:06:41.482"/>
</kw>
<status status="PASS" starttime="20220222 12:06:39.759" endtime="20220222 12:06:41.482"/>
</kw>
<kw name="Verify Page Loaded">
<kw name="Wait Until Page Contains" library="SeleniumLibrary">
<arg>Kampanj:</arg>
<doc>Waits until ``text`` appears on the current page.</doc>
<status status="PASS" starttime="20220222 12:06:41.483" endtime="20220222 12:06:41.511"/>
</kw>
<status status="PASS" starttime="20220222 12:06:41.482" endtime="20220222 12:06:41.511"/>
</kw>
<status status="PASS" starttime="20220222 12:06:39.759" endtime="20220222 12:06:41.512"/>
</kw>
<kw name="Search For Product">
<arg>Jurassic World Evolution 2 PlayStation 5</arg>
<arg>Jurassic World Evolution 2 PlayStation 5</arg>
<kw name="Enter Search Term">
<arg>${search_term}</arg>
<kw name="Input Text" library="SeleniumLibrary">
<arg>//*[@id="search-autocomplete"]/form/input[1]</arg>
<arg>${search_term}</arg>
<doc>Types the given ``text`` into the text field identified by ``locator``.</doc>
<msg timestamp="20220222 12:06:41.514" level="INFO">Typing text 'Jurassic World Evolution 2 PlayStation 5' into text field '//*[@id="search-autocomplete"]/form/input[1]'.</msg>
<status status="PASS" starttime="20220222 12:06:41.513" endtime="20220222 12:06:41.980"/>
</kw>
<status status="PASS" starttime="20220222 12:06:41.513" endtime="20220222 12:06:41.980"/>
</kw>
<kw name="Submit Search">
<kw name="Press Keys" library="SeleniumLibrary">
<arg>//*[@id="search-autocomplete"]/form/input[1]</arg>
<arg>RETURN</arg>
<doc>Simulates the user pressing key(s) to an element or on the active browser.</doc>
<msg timestamp="20220222 12:06:41.981" level="INFO">Sending key(s) ('RETURN',) to //*[@id="search-autocomplete"]/form/input[1] element.</msg>
<msg timestamp="20220222 12:06:42.374" level="INFO">Pressing special key RETURN to element.</msg>
<msg timestamp="20220222 12:06:42.374" level="INFO">Releasing special key RETURN.</msg>
<status status="PASS" starttime="20220222 12:06:41.980" endtime="20220222 12:06:44.260"/>
</kw>
<status status="PASS" starttime="20220222 12:06:41.980" endtime="20220222 12:06:44.260"/>
</kw>
<kw name="Verify Search Completed">
<arg>${search_result}</arg>
<kw name="Wait Until Page Contains" library="SeleniumLibrary">
<arg>${search_result}</arg>
<doc>Waits until ``text`` appears on the current page.</doc>
<status status="PASS" starttime="20220222 12:06:44.262" endtime="20220222 12:06:44.324"/>
</kw>
<status status="PASS" starttime="20220222 12:06:44.260" endtime="20220222 12:06:44.324"/>
</kw>
<status status="PASS" starttime="20220222 12:06:41.512" endtime="20220222 12:06:44.324"/>
</kw>
<kw name="End Web Test" type="TEARDOWN">
<kw name="Close Browser" library="SeleniumLibrary">
<doc>Closes the current browser.</doc>
<status status="PASS" starttime="20220222 12:06:44.325" endtime="20220222 12:06:46.473"/>
</kw>
<status status="PASS" starttime="20220222 12:06:44.325" endtime="20220222 12:06:46.473"/>
</kw>
<doc>This is some basic info about the third test</doc>
<tag>Test 3</tag>
<status status="PASS" starttime="20220222 12:06:38.446" endtime="20220222 12:06:46.474"/>
</test>
<doc>Some basic information about the whole test suite</doc>
<status status="PASS" starttime="20220222 12:06:25.457" endtime="20220222 12:06:46.477"/>
</suite>
<status status="PASS" starttime="20220222 12:06:25.434" endtime="20220222 12:06:46.479"/>
</suite>
<statistics>
<total>
<stat pass="3" fail="0" skip="0">All Tests</stat>
</total>
<tag>
<stat pass="1" fail="0" skip="0">Test 1</stat>
<stat pass="1" fail="0" skip="0">Test 2</stat>
<stat pass="1" fail="0" skip="0">Test 3</stat>
</tag>
<suite>
<stat pass="3" fail="0" skip="0" id="s1" name="Tests">Tests</stat>
<stat pass="3" fail="0" skip="0" id="s1-s1" name="Webtest">Tests.Webtest</stat>
</suite>
</statistics>
<errors>
</errors>
</robot>
