<?xml version="1.0" encoding="UTF-8"?>
<robot generator="Robot 4.1.3 (Python 3.10.2 on win32)" generated="20220222 12:30:04.531" rpa="false" schemaversion="2">
<suite id="s1" name="Tests" source="C:\Users\joaki\PycharmProjects\TestSelenium\Tests">
<suite id="s1-s1" name="Webtest" source="C:\Users\joaki\PycharmProjects\TestSelenium\Tests\webtest.robot">
<kw name="Begin Web Test" library="keywords" type="SETUP">
<kw name="Open Browser" library="SeleniumLibrary">
<arg>about:blank</arg>
<arg>${BROWSER}</arg>
<doc>Opens a new browser instance to the optional ``url``.</doc>
<msg timestamp="20220222 12:30:04.722" level="INFO">Opening browser 'chrome' to base url 'about:blank'.</msg>
<status status="PASS" starttime="20220222 12:30:04.722" endtime="20220222 12:30:06.019"/>
</kw>
<status status="PASS" starttime="20220222 12:30:04.722" endtime="20220222 12:30:06.019"/>
</kw>
<test id="s1-s1-t1" name="User Can Access Website and Search For Product">
<kw name="Go To Web Page" library="keywords">
<kw name="Load Page" library="keywords">
<kw name="Go To" library="SeleniumLibrary">
<arg>${URL}</arg>
<doc>Navigates the current browser window to the provided ``url``.</doc>
<msg timestamp="20220222 12:30:06.022" level="INFO">Opening url 'https://www.mediamarkt.se'</msg>
<status status="PASS" starttime="20220222 12:30:06.022" endtime="20220222 12:30:08.120"/>
</kw>
<status status="PASS" starttime="20220222 12:30:06.022" endtime="20220222 12:30:08.120"/>
</kw>
<kw name="Verify Page Loaded" library="keywords">
<kw name="Wait Until Page Contains" library="SeleniumLibrary">
<arg>Kampanj:</arg>
<doc>Waits until ``text`` appears on the current page.</doc>
<status status="PASS" starttime="20220222 12:30:08.121" endtime="20220222 12:30:08.165"/>
</kw>
<status status="PASS" starttime="20220222 12:30:08.120" endtime="20220222 12:30:08.165"/>
</kw>
<status status="PASS" starttime="20220222 12:30:06.021" endtime="20220222 12:30:08.165"/>
</kw>
<doc>This is some basic information about the test</doc>
<tag>Test 1</tag>
<status status="PASS" starttime="20220222 12:30:06.020" endtime="20220222 12:30:08.166"/>
</test>
<test id="s1-s1-t2" name="User Can Search For A Product">
<kw name="Go To Web Page" library="keywords">
<kw name="Load Page" library="keywords">
<kw name="Go To" library="SeleniumLibrary">
<arg>${URL}</arg>
<doc>Navigates the current browser window to the provided ``url``.</doc>
<msg timestamp="20220222 12:30:08.170" level="INFO">Opening url 'https://www.mediamarkt.se'</msg>
<status status="PASS" starttime="20220222 12:30:08.170" endtime="20220222 12:30:09.686"/>
</kw>
<status status="PASS" starttime="20220222 12:30:08.170" endtime="20220222 12:30:09.686"/>
</kw>
<kw name="Verify Page Loaded" library="keywords">
<kw name="Wait Until Page Contains" library="SeleniumLibrary">
<arg>Kampanj:</arg>
<doc>Waits until ``text`` appears on the current page.</doc>
<status status="PASS" starttime="20220222 12:30:09.687" endtime="20220222 12:30:09.732"/>
</kw>
<status status="PASS" starttime="20220222 12:30:09.686" endtime="20220222 12:30:09.732"/>
</kw>
<status status="PASS" starttime="20220222 12:30:08.169" endtime="20220222 12:30:09.733"/>
</kw>
<kw name="Search For Product" library="keywords">
<arg>Game &amp; Watch: The Legend of Zelda</arg>
<arg>Game &amp; Watch: The Legend of Zelda</arg>
<kw name="Enter Search Term" library="keywords">
<arg>${search_term}</arg>
<kw name="Input Text" library="SeleniumLibrary">
<arg>//*[@id="search-autocomplete"]/form/input[1]</arg>
<arg>${search_term}</arg>
<doc>Types the given ``text`` into the text field identified by ``locator``.</doc>
<msg timestamp="20220222 12:30:09.737" level="INFO">Typing text 'Game &amp; Watch: The Legend of Zelda' into text field '//*[@id="search-autocomplete"]/form/input[1]'.</msg>
<status status="PASS" starttime="20220222 12:30:09.735" endtime="20220222 12:30:10.083"/>
</kw>
<status status="PASS" starttime="20220222 12:30:09.734" endtime="20220222 12:30:10.083"/>
</kw>
<kw name="Submit Search" library="keywords">
<kw name="Press Keys" library="SeleniumLibrary">
<arg>//*[@id="search-autocomplete"]/form/input[1]</arg>
<arg>RETURN</arg>
<doc>Simulates the user pressing key(s) to an element or on the active browser.</doc>
<msg timestamp="20220222 12:30:10.084" level="INFO">Sending key(s) ('RETURN',) to //*[@id="search-autocomplete"]/form/input[1] element.</msg>
<msg timestamp="20220222 12:30:10.612" level="INFO">Pressing special key RETURN to element.</msg>
<msg timestamp="20220222 12:30:10.612" level="INFO">Releasing special key RETURN.</msg>
<status status="PASS" starttime="20220222 12:30:10.084" endtime="20220222 12:30:12.260"/>
</kw>
<status status="PASS" starttime="20220222 12:30:10.084" endtime="20220222 12:30:12.260"/>
</kw>
<kw name="Verify Search Completed" library="keywords">
<arg>${search_result}</arg>
<kw name="Wait Until Page Contains" library="SeleniumLibrary">
<arg>${search_result}</arg>
<doc>Waits until ``text`` appears on the current page.</doc>
<status status="PASS" starttime="20220222 12:30:12.261" endtime="20220222 12:30:12.384"/>
</kw>
<status status="PASS" starttime="20220222 12:30:12.260" endtime="20220222 12:30:12.384"/>
</kw>
<status status="PASS" starttime="20220222 12:30:09.733" endtime="20220222 12:30:12.385"/>
</kw>
<doc>This is some basic info about the second test</doc>
<tag>Test 2</tag>
<status status="PASS" starttime="20220222 12:30:08.168" endtime="20220222 12:30:12.385"/>
</test>
<test id="s1-s1-t3" name="User Can Search For Another Product">
<kw name="Go To Web Page" library="keywords">
<kw name="Load Page" library="keywords">
<kw name="Go To" library="SeleniumLibrary">
<arg>${URL}</arg>
<doc>Navigates the current browser window to the provided ``url``.</doc>
<msg timestamp="20220222 12:30:12.389" level="INFO">Opening url 'https://www.mediamarkt.se'</msg>
<status status="PASS" starttime="20220222 12:30:12.389" endtime="20220222 12:30:13.629"/>
</kw>
<status status="PASS" starttime="20220222 12:30:12.388" endtime="20220222 12:30:13.630"/>
</kw>
<kw name="Verify Page Loaded" library="keywords">
<kw name="Wait Until Page Contains" library="SeleniumLibrary">
<arg>Kampanj:</arg>
<doc>Waits until ``text`` appears on the current page.</doc>
<status status="PASS" starttime="20220222 12:30:13.631" endtime="20220222 12:30:13.764"/>
</kw>
<status status="PASS" starttime="20220222 12:30:13.630" endtime="20220222 12:30:13.764"/>
</kw>
<status status="PASS" starttime="20220222 12:30:12.388" endtime="20220222 12:30:13.764"/>
</kw>
<kw name="Search For Product" library="keywords">
<arg>Jurassic World Evolution 2 PlayStation 5</arg>
<arg>Jurassic World Evolution 2 PlayStation 5</arg>
<kw name="Enter Search Term" library="keywords">
<arg>${search_term}</arg>
<kw name="Input Text" library="SeleniumLibrary">
<arg>//*[@id="search-autocomplete"]/form/input[1]</arg>
<arg>${search_term}</arg>
<doc>Types the given ``text`` into the text field identified by ``locator``.</doc>
<msg timestamp="20220222 12:30:13.767" level="INFO">Typing text 'Jurassic World Evolution 2 PlayStation 5' into text field '//*[@id="search-autocomplete"]/form/input[1]'.</msg>
<status status="PASS" starttime="20220222 12:30:13.767" endtime="20220222 12:30:13.916"/>
</kw>
<status status="PASS" starttime="20220222 12:30:13.766" endtime="20220222 12:30:13.917"/>
</kw>
<kw name="Submit Search" library="keywords">
<kw name="Press Keys" library="SeleniumLibrary">
<arg>//*[@id="search-autocomplete"]/form/input[1]</arg>
<arg>RETURN</arg>
<doc>Simulates the user pressing key(s) to an element or on the active browser.</doc>
<msg timestamp="20220222 12:30:13.919" level="INFO">Sending key(s) ('RETURN',) to //*[@id="search-autocomplete"]/form/input[1] element.</msg>
<msg timestamp="20220222 12:30:14.371" level="INFO">Pressing special key RETURN to element.</msg>
<msg timestamp="20220222 12:30:14.371" level="INFO">Releasing special key RETURN.</msg>
<status status="PASS" starttime="20220222 12:30:13.917" endtime="20220222 12:30:16.141"/>
</kw>
<status status="PASS" starttime="20220222 12:30:13.917" endtime="20220222 12:30:16.141"/>
</kw>
<kw name="Verify Search Completed" library="keywords">
<arg>${search_result}</arg>
<kw name="Wait Until Page Contains" library="SeleniumLibrary">
<arg>${search_result}</arg>
<doc>Waits until ``text`` appears on the current page.</doc>
<status status="PASS" starttime="20220222 12:30:16.142" endtime="20220222 12:30:16.276"/>
</kw>
<status status="PASS" starttime="20220222 12:30:16.141" endtime="20220222 12:30:16.276"/>
</kw>
<status status="PASS" starttime="20220222 12:30:13.765" endtime="20220222 12:30:16.276"/>
</kw>
<doc>This is some basic info about the third test</doc>
<tag>Test 3</tag>
<status status="PASS" starttime="20220222 12:30:12.386" endtime="20220222 12:30:16.277"/>
</test>
<kw name="End Web Test" library="keywords" type="TEARDOWN">
<kw name="Close Browser" library="SeleniumLibrary">
<doc>Closes the current browser.</doc>
<status status="PASS" starttime="20220222 12:30:16.279" endtime="20220222 12:30:18.409"/>
</kw>
<status status="PASS" starttime="20220222 12:30:16.278" endtime="20220222 12:30:18.410"/>
</kw>
<doc>Some basic information about the whole test suite</doc>
<status status="PASS" starttime="20220222 12:30:04.554" endtime="20220222 12:30:18.410"/>
</suite>
<status status="PASS" starttime="20220222 12:30:04.532" endtime="20220222 12:30:18.418"/>
</suite>
<statistics>
<total>
<stat pass="3" fail="0" skip="0">All Tests</stat>
</total>
<tag>
<stat pass="1" fail="0" skip="0">Test 1</stat>
<stat pass="1" fail="0" skip="0">Test 2</stat>
<stat pass="1" fail="0" skip="0">Test 3</stat>
</tag>
<suite>
<stat pass="3" fail="0" skip="0" id="s1" name="Tests">Tests</stat>
<stat pass="3" fail="0" skip="0" id="s1-s1" name="Webtest">Tests.Webtest</stat>
</suite>
</statistics>
<errors>
</errors>
</robot>
