<?xml version="1.0" encoding="UTF-8"?>
<robot generator="Robot 4.1.3 (Python 3.10.2 on win32)" generated="20220222 10:47:49.307" rpa="false" schemaversion="2">
<suite id="s1" name="Tests" source="C:\Users\joaki\PycharmProjects\TestSelenium\Tests">
<suite id="s1-s1" name="Webtest" source="C:\Users\joaki\PycharmProjects\TestSelenium\Tests\webtest.robot">
<test id="s1-s1-t1" name="User Can Access Website">
<kw name="Open Browser" library="SeleniumLibrary">
<arg>about:blank</arg>
<arg>chrome</arg>
<doc>Opens a new browser instance to the optional ``url``.</doc>
<msg timestamp="20220222 10:47:49.491" level="INFO">Opening browser 'chrome' to base url 'about:blank'.</msg>
<status status="PASS" starttime="20220222 10:47:49.491" endtime="20220222 10:47:50.848"/>
</kw>
<kw name="Go To" library="SeleniumLibrary">
<arg>https://www.mediamarkt.se</arg>
<doc>Navigates the current browser window to the provided ``url``.</doc>
<msg timestamp="20220222 10:47:50.851" level="INFO">Opening url 'https://www.mediamarkt.se'</msg>
<status status="PASS" starttime="20220222 10:47:50.851" endtime="20220222 10:47:52.795"/>
</kw>
<kw name="Wait Until Page Contains" library="SeleniumLibrary">
<arg>Kampanj:</arg>
<doc>Waits until ``text`` appears on the current page.</doc>
<status status="PASS" starttime="20220222 10:47:52.796" endtime="20220222 10:47:52.846"/>
</kw>
<kw name="Close Browser" library="SeleniumLibrary">
<doc>Closes the current browser.</doc>
<status status="PASS" starttime="20220222 10:47:52.846" endtime="20220222 10:47:54.968"/>
</kw>
<doc>This is some basic information about the test</doc>
<tag>Test 1</tag>
<status status="PASS" starttime="20220222 10:47:49.490" endtime="20220222 10:47:54.970"/>
</test>
<doc>Some basic information about the whole test suite</doc>
<status status="PASS" starttime="20220222 10:47:49.331" endtime="20220222 10:47:54.976"/>
</suite>
<status status="PASS" starttime="20220222 10:47:49.309" endtime="20220222 10:47:54.980"/>
</suite>
<statistics>
<total>
<stat pass="1" fail="0" skip="0">All Tests</stat>
</total>
<tag>
<stat pass="1" fail="0" skip="0">Test 1</stat>
</tag>
<suite>
<stat pass="1" fail="0" skip="0" id="s1" name="Tests">Tests</stat>
<stat pass="1" fail="0" skip="0" id="s1-s1" name="Webtest">Tests.Webtest</stat>
</suite>
</statistics>
<errors>
</errors>
</robot>
